  Card.cpp
  main.cpp
C:\Users\Keith\Desktop\UMASS Classes\Semester 3\C++ Programming\KEC_Rolodex\main.cpp(24,83): error C2440: '<function-style-cast>': cannot convert from 'initializer list' to 'Card'
C:\Users\Keith\Desktop\UMASS Classes\Semester 3\C++ Programming\KEC_Rolodex\main.cpp(24,83): message : No constructor could take the source type, or constructor overload resolution was ambiguous
C:\Users\Keith\Desktop\UMASS Classes\Semester 3\C++ Programming\KEC_Rolodex\main.cpp(24,14): error C2064: term does not evaluate to a function taking 5 arguments
C:\Users\Keith\Desktop\UMASS Classes\Semester 3\C++ Programming\KEC_Rolodex\main.cpp(25,106): error C2440: '<function-style-cast>': cannot convert from 'initializer list' to 'Card'
C:\Users\Keith\Desktop\UMASS Classes\Semester 3\C++ Programming\KEC_Rolodex\main.cpp(25,106): message : No constructor could take the source type, or constructor overload resolution was ambiguous
C:\Users\Keith\Desktop\UMASS Classes\Semester 3\C++ Programming\KEC_Rolodex\main.cpp(25,14): error C2064: term does not evaluate to a function taking 5 arguments
C:\Users\Keith\Desktop\UMASS Classes\Semester 3\C++ Programming\KEC_Rolodex\main.cpp(26,91): error C2440: '<function-style-cast>': cannot convert from 'initializer list' to 'Card'
C:\Users\Keith\Desktop\UMASS Classes\Semester 3\C++ Programming\KEC_Rolodex\main.cpp(26,91): message : No constructor could take the source type, or constructor overload resolution was ambiguous
C:\Users\Keith\Desktop\UMASS Classes\Semester 3\C++ Programming\KEC_Rolodex\main.cpp(26,14): error C2064: term does not evaluate to a function taking 5 arguments
C:\Users\Keith\Desktop\UMASS Classes\Semester 3\C++ Programming\KEC_Rolodex\main.cpp(27,92): error C2440: '<function-style-cast>': cannot convert from 'initializer list' to 'Card'
C:\Users\Keith\Desktop\UMASS Classes\Semester 3\C++ Programming\KEC_Rolodex\main.cpp(27,92): message : No constructor could take the source type, or constructor overload resolution was ambiguous
C:\Users\Keith\Desktop\UMASS Classes\Semester 3\C++ Programming\KEC_Rolodex\main.cpp(27,14): error C2064: term does not evaluate to a function taking 5 arguments
C:\Users\Keith\Desktop\UMASS Classes\Semester 3\C++ Programming\KEC_Rolodex\main.cpp(28,85): error C2440: '<function-style-cast>': cannot convert from 'initializer list' to 'Card'
C:\Users\Keith\Desktop\UMASS Classes\Semester 3\C++ Programming\KEC_Rolodex\main.cpp(28,85): message : No constructor could take the source type, or constructor overload resolution was ambiguous
C:\Users\Keith\Desktop\UMASS Classes\Semester 3\C++ Programming\KEC_Rolodex\main.cpp(28,14): error C2064: term does not evaluate to a function taking 5 arguments
C:\Users\Keith\Desktop\UMASS Classes\Semester 3\C++ Programming\KEC_Rolodex\main.cpp(29,96): error C2440: '<function-style-cast>': cannot convert from 'initializer list' to 'Card'
C:\Users\Keith\Desktop\UMASS Classes\Semester 3\C++ Programming\KEC_Rolodex\main.cpp(29,96): message : No constructor could take the source type, or constructor overload resolution was ambiguous
C:\Users\Keith\Desktop\UMASS Classes\Semester 3\C++ Programming\KEC_Rolodex\main.cpp(29,14): error C2064: term does not evaluate to a function taking 5 arguments
C:\Users\Keith\Desktop\UMASS Classes\Semester 3\C++ Programming\KEC_Rolodex\main.cpp(30,107): error C2440: '<function-style-cast>': cannot convert from 'initializer list' to 'Card'
C:\Users\Keith\Desktop\UMASS Classes\Semester 3\C++ Programming\KEC_Rolodex\main.cpp(30,107): message : No constructor could take the source type, or constructor overload resolution was ambiguous
C:\Users\Keith\Desktop\UMASS Classes\Semester 3\C++ Programming\KEC_Rolodex\main.cpp(30,14): error C2064: term does not evaluate to a function taking 5 arguments
C:\Users\Keith\Desktop\UMASS Classes\Semester 3\C++ Programming\KEC_Rolodex\main.cpp(31,81): error C2440: '<function-style-cast>': cannot convert from 'initializer list' to 'Card'
C:\Users\Keith\Desktop\UMASS Classes\Semester 3\C++ Programming\KEC_Rolodex\main.cpp(31,81): message : No constructor could take the source type, or constructor overload resolution was ambiguous
C:\Users\Keith\Desktop\UMASS Classes\Semester 3\C++ Programming\KEC_Rolodex\main.cpp(31,14): error C2064: term does not evaluate to a function taking 5 arguments
C:\Users\Keith\Desktop\UMASS Classes\Semester 3\C++ Programming\KEC_Rolodex\main.cpp(32,75): error C2440: '<function-style-cast>': cannot convert from 'initializer list' to 'Card'
C:\Users\Keith\Desktop\UMASS Classes\Semester 3\C++ Programming\KEC_Rolodex\main.cpp(32,75): message : No constructor could take the source type, or constructor overload resolution was ambiguous
C:\Users\Keith\Desktop\UMASS Classes\Semester 3\C++ Programming\KEC_Rolodex\main.cpp(32,14): error C2064: term does not evaluate to a function taking 5 arguments
C:\Users\Keith\Desktop\UMASS Classes\Semester 3\C++ Programming\KEC_Rolodex\main.cpp(33,85): error C2440: '<function-style-cast>': cannot convert from 'initializer list' to 'Card'
C:\Users\Keith\Desktop\UMASS Classes\Semester 3\C++ Programming\KEC_Rolodex\main.cpp(33,85): message : No constructor could take the source type, or constructor overload resolution was ambiguous
C:\Users\Keith\Desktop\UMASS Classes\Semester 3\C++ Programming\KEC_Rolodex\main.cpp(33,14): error C2064: term does not evaluate to a function taking 5 arguments
  Rolodex.cpp
  Generating Code...
